#
# There is insufficient memory for the Java Runtime Environment to continue.
# Native memory allocation (mmap) failed to map 264241152 bytes for Failed to commit area from 0x0000000705400000 to 0x0000000715000000 of length 264241152.
# Possible reasons:
#   The system is out of physical RAM or swap space
#   The process is running with CompressedOops enabled, and the Java Heap may be blocking the growth of the native heap
# Possible solutions:
#   Reduce memory load on the system
#   Increase physical memory or swap space
#   Check if swap backing store is full
#   Decrease Java heap size (-Xmx/-Xms)
#   Decrease number of Java threads
#   Decrease Java thread stack sizes (-Xss)
#   Set larger code cache with -XX:ReservedCodeCacheSize=
# This output file may be truncated or incomplete.
#
#  Out of Memory Error (./open/src/hotspot/os/windows/os_windows.cpp:3293), pid=11972, tid=8184
#
# JRE version:  (11.0.20+9) (build )
# Java VM: Java HotSpot(TM) 64-Bit Server VM (11.0.20+9-LTS-256, mixed mode, sharing, tiered, compressed oops, g1 gc, windows-amd64)
# No core dump will be written. Minidumps are not enabled by default on client versions of Windows
#

---------------  S U M M A R Y ------------

Command Line: -javaagent:C:\Program Files\JetBrains\IntelliJ IDEA 2023.2.4\lib\idea_rt.jar=64539:C:\Program Files\JetBrains\IntelliJ IDEA 2023.2.4\bin -Dfile.encoding=UTF-8 day19_array.ArrayObjects

Host: 12th Gen Intel(R) Core(TM) i9-12900H, 20 cores, 15G,  Windows 11 , 64 bit Build 22621 (10.0.22621.2506)
Time: Thu Dec 21 16:04:39 2023 W. Europe Standard Time elapsed time: 0.224376 seconds (0d 0h 0m 0s)

---------------  T H R E A D  ---------------

Current thread (0x000001d6e5498800):  JavaThread "Unknown thread" [_thread_in_vm, id=8184, stack(0x0000008f7b900000,0x0000008f7ba00000)]

Stack: [0x0000008f7b900000,0x0000008f7ba00000]
Native frames: (J=compiled Java code, j=interpreted, Vv=VM code, C=native code)
V  [jvm.dll+0x6602ba]
V  [jvm.dll+0x7a32af]
V  [jvm.dll+0x7a4979]
V  [jvm.dll+0x7a5013]
V  [jvm.dll+0x258ef5]
V  [jvm.dll+0x65d619]
V  [jvm.dll+0x652375]
V  [jvm.dll+0x31359d]
V  [jvm.dll+0x313402]
V  [jvm.dll+0x318036]
V  [jvm.dll+0x360130]
V  [jvm.dll+0x35fba2]
V  [jvm.dll+0x2eec28]
V  [jvm.dll+0x2efd35]
V  [jvm.dll+0x77c327]
V  [jvm.dll+0x77dc0f]
V  [jvm.dll+0x36d3d9]
V  [jvm.dll+0x760d0f]
V  [jvm.dll+0x3df467]
V  [jvm.dll+0x3e1511]
C  [jli.dll+0x52e7]
C  [ucrtbase.dll+0x29363]
C  [KERNEL32.DLL+0x1257d]
C  [ntdll.dll+0x5aa58]


---------------  P R O C E S S  ---------------

Threads class SMR info:
_java_thread_list=0x000001d6e3204570, length=0, elements={
}

Java Threads: ( => current thread )

Other Threads:
  0x000001d6e54af800 GCTaskThread "GC Thread#0" [stack: 0x0000008f7ba00000,0x0000008f7bb00000] [id=13580]
  0x000001d6e550a800 ConcurrentGCThread "G1 Main Marker" [stack: 0x0000008f7bb00000,0x0000008f7bc00000] [id=17004]
  0x000001d6e550c800 ConcurrentGCThread "G1 Conc#0" [stack: 0x0000008f7bc00000,0x0000008f7bd00000] [id=13212]

[error occurred during error reporting (printing all threads), id 0xc0000005, EXCEPTION_ACCESS_VIOLATION (0xc0000005) at pc=0x00007ffcdf65f6e7]

VM state:not at safepoint (not fully initialized)

VM Mutex/Monitor currently owned by a thread:  ([mutex/lock_event])
[0x000001d6e5495c30] Heap_lock - owner thread: 0x000001d6e5498800

Heap address: 0x0000000705400000, size: 4012 MB, Compressed Oops mode: Non-zero based: 0x0000000705400000
Narrow klass base: 0x0000000000000000, Narrow klass shift: 0

GC Heap History (0 events):
No events

Deoptimization events (0 events):
No events

Classes redefined (0 events):
No events

Internal exceptions (0 events):
No events

Events (0 events):
No events


Dynamic libraries:
0x00007ff674ef0000 - 0x00007ff674f00000 	C:\Program Files\Java\jdk-11\bin\java.exe
0x00007ffd4b630000 - 0x00007ffd4b847000 	C:\WINDOWS\SYSTEM32\ntdll.dll
0x00007ffd49e90000 - 0x00007ffd49f54000 	C:\WINDOWS\System32\KERNEL32.DLL
0x00007ffd48ac0000 - 0x00007ffd48e66000 	C:\WINDOWS\System32\KERNELBASE.dll
0x00007ffd489a0000 - 0x00007ffd48ab1000 	C:\WINDOWS\System32\ucrtbase.dll
0x00007ffd2e130000 - 0x00007ffd2e14b000 	C:\Program Files\Java\jdk-11\bin\VCRUNTIME140.dll
0x00007ffd2de60000 - 0x00007ffd2de79000 	C:\Program Files\Java\jdk-11\bin\jli.dll
0x00007ffd4a620000 - 0x00007ffd4a6d1000 	C:\WINDOWS\System32\ADVAPI32.dll
0x00007ffd49b00000 - 0x00007ffd49ba7000 	C:\WINDOWS\System32\msvcrt.dll
0x00007ffd49940000 - 0x00007ffd499e5000 	C:\WINDOWS\System32\sechost.dll
0x00007ffd49f60000 - 0x00007ffd4a077000 	C:\WINDOWS\System32\RPCRT4.dll
0x00007ffd4b440000 - 0x00007ffd4b5ee000 	C:\WINDOWS\System32\USER32.dll
0x00007ffd49350000 - 0x00007ffd49376000 	C:\WINDOWS\System32\win32u.dll
0x00007ffd47cc0000 - 0x00007ffd47f53000 	C:\WINDOWS\WinSxS\amd64_microsoft.windows.common-controls_6595b64144ccf1df_6.0.22621.2506_none_270c5ae97388e100\COMCTL32.dll
0x00007ffd49bb0000 - 0x00007ffd49bd9000 	C:\WINDOWS\System32\GDI32.dll
0x00007ffd48e70000 - 0x00007ffd48f88000 	C:\WINDOWS\System32\gdi32full.dll
0x00007ffd492b0000 - 0x00007ffd4934a000 	C:\WINDOWS\System32\msvcp_win.dll
0x00007ffd40000000 - 0x00007ffd4000a000 	C:\WINDOWS\SYSTEM32\VERSION.dll
0x00007ffd4a5e0000 - 0x00007ffd4a611000 	C:\WINDOWS\System32\IMM32.DLL
0x00007ffd481d0000 - 0x00007ffd481dc000 	C:\Program Files\Java\jdk-11\bin\vcruntime140_1.dll
0x00007ffd01520000 - 0x00007ffd015ae000 	C:\Program Files\Java\jdk-11\bin\msvcp140.dll
0x00007ffcdf360000 - 0x00007ffcdfecd000 	C:\Program Files\Java\jdk-11\bin\server\jvm.dll
0x00007ffd499f0000 - 0x00007ffd499f8000 	C:\WINDOWS\System32\PSAPI.DLL
0x00007ffd3e3d0000 - 0x00007ffd3e404000 	C:\WINDOWS\SYSTEM32\WINMM.dll
0x00007ffd43480000 - 0x00007ffd43489000 	C:\WINDOWS\SYSTEM32\WSOCK32.dll
0x00007ffd49a80000 - 0x00007ffd49af1000 	C:\WINDOWS\System32\WS2_32.dll
0x00007ffd47180000 - 0x00007ffd47198000 	C:\WINDOWS\SYSTEM32\kernel.appcore.dll
0x00007ffd43450000 - 0x00007ffd43460000 	C:\Program Files\Java\jdk-11\bin\verify.dll
0x00007ffd482c0000 - 0x00007ffd484f3000 	C:\WINDOWS\SYSTEM32\DBGHELP.DLL
0x00007ffd4a250000 - 0x00007ffd4a5d9000 	C:\WINDOWS\System32\combase.dll
0x00007ffd49380000 - 0x00007ffd49457000 	C:\WINDOWS\System32\OLEAUT32.dll
0x00007ffd48180000 - 0x00007ffd481b2000 	C:\WINDOWS\SYSTEM32\dbgcore.DLL
0x00007ffd490c0000 - 0x00007ffd4913a000 	C:\WINDOWS\System32\bcryptPrimitives.dll
0x00007ffd2de30000 - 0x00007ffd2de58000 	C:\Program Files\Java\jdk-11\bin\java.dll
0x00007ffd42c10000 - 0x00007ffd42c1a000 	C:\Program Files\Java\jdk-11\bin\jimage.dll
0x00007ffd3e510000 - 0x00007ffd3e51e000 	C:\Program Files\Java\jdk-11\bin\instrument.dll
0x00007ffd2c590000 - 0x00007ffd2c5a7000 	C:\Program Files\Java\jdk-11\bin\zip.dll

dbghelp: loaded successfully - version: 4.0.5 - missing functions: none
symbol engine: initialized successfully - sym options: 0x614 - pdb path: .;C:\Program Files\Java\jdk-11\bin;C:\WINDOWS\SYSTEM32;C:\WINDOWS\WinSxS\amd64_microsoft.windows.common-controls_6595b64144ccf1df_6.0.22621.2506_none_270c5ae97388e100;C:\Program Files\Java\jdk-11\bin\server

VM Arguments:
jvm_args: -javaagent:C:\Program Files\JetBrains\IntelliJ IDEA 2023.2.4\lib\idea_rt.jar=64539:C:\Program Files\JetBrains\IntelliJ IDEA 2023.2.4\bin -Dfile.encoding=UTF-8 
java_command: day19_array.ArrayObjects
java_class_path (initial): C:\Users\omert\IdeaProjects\JavaProgrammingNotebook\out\production\JavaProgrammingNotebook
Launcher Type: SUN_STANDARD

[Global flags]
     intx CICompilerCount                          = 12                                        {product} {ergonomic}
     uint ConcGCThreads                            = 4                                         {product} {ergonomic}
     uint G1ConcRefinementThreads                  = 15                                        {product} {ergonomic}
   size_t G1HeapRegionSize                         = 1048576                                   {product} {ergonomic}
    uintx GCDrainStackTargetSize                   = 64                                        {product} {ergonomic}
   size_t InitialHeapSize                          = 264241152                                 {product} {ergonomic}
   size_t MarkStackSize                            = 4194304                                   {product} {ergonomic}
   size_t MaxHeapSize                              = 4206886912                                {product} {ergonomic}
   size_t MinHeapDeltaBytes                        = 1048576                                   {product} {ergonomic}
    uintx NonNMethodCodeHeapSize                   = 7594288                                {pd product} {ergonomic}
    uintx NonProfiledCodeHeapSize                  = 122031976                              {pd product} {ergonomic}
    uintx ProfiledCodeHeapSize                     = 122031976                              {pd product} {ergonomic}
    uintx ReservedCodeCacheSize                    = 251658240                              {pd product} {ergonomic}
     bool SegmentedCodeCache                       = true                                      {product} {ergonomic}
     bool UseCompressedClassPointers               = true                                 {lp64_product} {ergonomic}
     bool UseCompressedOops                        = true                                 {lp64_product} {ergonomic}
     bool UseG1GC                                  = true                                      {product} {ergonomic}
     bool UseLargePagesIndividualAllocation        = false                                  {pd product} {ergonomic}

Logging:
Log output configuration:
 #0: stdout all=warning uptime,level,tags
 #1: stderr all=off uptime,level,tags

Environment Variables:
JAVA_HOME=C:\Program Files\Java\jdk-11
PATH=C:\Program Files\Java\jdk-11\bin;C:\Program Files\Java\jdk-11\binC:\Program Files\Common Files\Oracle\Java\javapath;C:\Windows\system32;C:\Windows;C:\Windows\System32\Wbem;C:\Windows\System32\WindowsPowerShell\v1.0\;C:\Windows\System32\OpenSSH\;C:\Program Files (x86)\NVIDIA Corporation\PhysX\Common;C:\Program Files\NVIDIA Corporation\NVIDIA NvDLISR;C:\WINDOWS\system32;C:\WINDOWS;C:\WINDOWS\System32\Wbem;C:\WINDOWS\System32\WindowsPowerShell\v1.0\;C:\WINDOWS\System32\OpenSSH\;C:\Program Files\Git\cmd;C:\Program Files\dotnet\;C:\Users\omert\AppData\Local\Microsoft\WindowsApps;;C:\Users\omert\AppData\Local\Programs\Microsoft VS Code\bin
USERNAME=Developer
OS=Windows_NT
PROCESSOR_IDENTIFIER=Intel64 Family 6 Model 154 Stepping 3, GenuineIntel



---------------  S Y S T E M  ---------------

OS: Windows 11 , 64 bit Build 22621 (10.0.22621.2506)
Hyper-V role detected

CPU:total 20 (initial active 20) (10 cores per cpu, 2 threads per core) family 6 model 154 stepping 3 microcode 0x423, cmov, cx8, fxsr, mmx, sse, sse2, sse3, ssse3, sse4.1, sse4.2, popcnt, avx, avx2, aes, clmul, erms, 3dnowpref, lzcnt, ht, tsc, tscinvbit, bmi1, bmi2, adx, sha, fma

Memory: 4k page, system-wide physical 16044M (5296M free)
TotalPageFile size 65178M (AvailPageFile size 231M)
current process WorkingSet (physical memory assigned to process): 11M, peak: 11M
current process commit charge ("private bytes"): 76M, peak: 327M

vm_info: Java HotSpot(TM) 64-Bit Server VM (11.0.20+9-LTS-256) for windows-amd64 JRE (11.0.20+9-LTS-256), built on Jun 14 2023 10:34:22 by "mach5one" with MS VC++ 17.1 (VS2022)

END.
